Flow report for fsmmoore
Wed Mar 04 16:16:26 2020
Quartus II 64-Bit Version 13.0.1 Build 232 06/12/2013 Service Pack 1 SJ Web Edition


---------------------
; Table of Contents ;
---------------------
  1. Legal Notice
  2. Flow Summary
  3. Flow Settings
  4. Flow Non-Default Global Settings
  5. Flow Elapsed Time
  6. Flow OS Summary
  7. Flow Log
  8. Flow Messages
  9. Flow Suppressed Messages



----------------
; Legal Notice ;
----------------
Copyright (C) 1991-2013 Altera Corporation
Your use of Altera Corporation's design tools, logic functions 
and other software and tools, and its AMPP partner logic 
functions, and any output files from any of the foregoing 
(including device programming or simulation files), and any 
associated documentation or information are expressly subject 
to the terms and conditions of the Altera Program License 
Subscription Agreement, Altera MegaCore Function License 
Agreement, or other applicable license agreement, including, 
without limitation, that your use is for the sole purpose of 
programming logic devices manufactured by Altera and sold by 
Altera or its authorized distributors.  Please refer to the 
applicable agreement for further details.



+--------------------------------------------------------------------------------------+
; Flow Summary                                                                         ;
+------------------------------------+-------------------------------------------------+
; Flow Status                        ; Successful - Wed Mar 04 16:16:26 2020           ;
; Quartus II 64-Bit Version          ; 13.0.1 Build 232 06/12/2013 SP 1 SJ Web Edition ;
; Revision Name                      ; fsmmoore                                        ;
; Top-level Entity Name              ; ctrlrs232c                                      ;
; Family                             ; Cyclone II                                      ;
; Device                             ; EP2C35F672C6                                    ;
; Timing Models                      ; Final                                           ;
; Total logic elements               ; 4 / 33,216 ( < 1 % )                            ;
;     Total combinational functions  ; 4 / 33,216 ( < 1 % )                            ;
;     Dedicated logic registers      ; 2 / 33,216 ( < 1 % )                            ;
; Total registers                    ; 4                                               ;
; Total pins                         ; 9 / 475 ( 2 % )                                 ;
; Total virtual pins                 ; 0                                               ;
; Total memory bits                  ; 0 / 483,840 ( 0 % )                             ;
; Embedded Multiplier 9-bit elements ; 0 / 70 ( 0 % )                                  ;
; Total PLLs                         ; 0 / 4 ( 0 % )                                   ;
+------------------------------------+-------------------------------------------------+


+-----------------------------------------+
; Flow Settings                           ;
+-------------------+---------------------+
; Option            ; Setting             ;
+-------------------+---------------------+
; Start date & time ; 03/04/2020 16:16:04 ;
; Main task         ; Compilation         ;
; Revision Name     ; fsmmoore            ;
+-------------------+---------------------+


+---------------------------------------------------------------------------------------------------------------------------------------+
; Flow Non-Default Global Settings                                                                                                      ;
+-----------------------------------+----------------------------------------+---------------------+-------------+----------------------+
; Assignment Name                   ; Value                                  ; Default Value       ; Entity Name ; Section Id           ;
+-----------------------------------+----------------------------------------+---------------------+-------------+----------------------+
; AUTO_RAM_RECOGNITION              ; Off                                    ; On                  ; --          ; --                   ;
; AUTO_ROM_RECOGNITION              ; Off                                    ; On                  ; --          ; --                   ;
; AUTO_SHIFT_REGISTER_RECOGNITION   ; Off                                    ; Auto                ; --          ; --                   ;
; BLOCK_RAM_TO_MLAB_CELL_CONVERSION ; Off                                    ; On                  ; --          ; --                   ;
; COMPILER_SIGNATURE_ID             ; 203178704932062.158333496409056        ; --                  ; --          ; --                   ;
; EDA_DESIGN_ENTRY_SYNTHESIS_TOOL   ; PRECISION SYNTHESIS                    ; <None>              ; --          ; --                   ;
; EDA_FLATTEN_BUSES                 ; Off                                    ; --                  ; --          ; eda_simulation       ;
; EDA_FLATTEN_BUSES                 ; Off                                    ; --                  ; --          ; eda_timing_analysis  ;
; EDA_INPUT_DATA_FORMAT             ; Vqm                                    ; --                  ; --          ; eda_design_synthesis ;
; EDA_INPUT_GND_NAME                ; Gnd                                    ; --                  ; --          ; eda_design_synthesis ;
; EDA_INPUT_VCC_NAME                ; Vcc                                    ; --                  ; --          ; eda_design_synthesis ;
; EDA_LMF_FILE                      ; mentor.lmf                             ; --                  ; --          ; eda_design_synthesis ;
; EDA_OUTPUT_DATA_FORMAT            ; Vqm                                    ; --                  ; --          ; eda_design_synthesis ;
; EDA_RUN_TOOL_AUTOMATICALLY        ; Off                                    ; --                  ; --          ; eda_design_synthesis ;
; EDA_SHOW_LMF_MAPPING_MESSAGES     ; Off                                    ; --                  ; --          ; eda_design_synthesis ;
; EDA_SIMULATION_TOOL               ; MODELSIM (VHDL OUTPUT FROM QUARTUS II) ; <None>              ; --          ; --                   ;
; PROJECT_SHOW_ENTITY_NAME          ; Off                                    ; On                  ; --          ; --                   ;
; READ_OR_WRITE_IN_BYTE_ADDRESS     ; On                                     ; Use global settings ; --          ; --                   ;
; TOP_LEVEL_ENTITY                  ; ctrlrs232c                             ; fsmmoore            ; --          ; --                   ;
+-----------------------------------+----------------------------------------+---------------------+-------------+----------------------+


+-------------------------------------------------------------------------------------------------------------------------------+
; Flow Elapsed Time                                                                                                             ;
+---------------------------+--------------+-------------------------+---------------------+------------------------------------+
; Module Name               ; Elapsed Time ; Average Processors Used ; Peak Virtual Memory ; Total CPU Time (on all processors) ;
+---------------------------+--------------+-------------------------+---------------------+------------------------------------+
; Analysis & Synthesis      ; 00:00:03     ; 1.0                     ; 4607 MB             ; 00:00:01                           ;
; Fitter                    ; 00:00:06     ; 1.0                     ; 5336 MB             ; 00:00:05                           ;
; TimeQuest Timing Analyzer ; 00:00:04     ; 1.0                     ; 4582 MB             ; 00:00:01                           ;
; Assembler                 ; 00:00:04     ; 1.0                     ; 4581 MB             ; 00:00:02                           ;
; EDA Netlist Writer        ; 00:00:03     ; 1.0                     ; 4537 MB             ; 00:00:01                           ;
; Total                     ; 00:00:20     ; --                      ; --                  ; 00:00:10                           ;
+---------------------------+--------------+-------------------------+---------------------+------------------------------------+


+----------------------------------------------------------------------------------------+
; Flow OS Summary                                                                        ;
+---------------------------+------------------+-----------+------------+----------------+
; Module Name               ; Machine Hostname ; OS Name   ; OS Version ; Processor type ;
+---------------------------+------------------+-----------+------------+----------------+
; Analysis & Synthesis      ; pcii-01          ; Windows 7 ; 6.2        ; x86_64         ;
; Fitter                    ; pcii-01          ; Windows 7 ; 6.2        ; x86_64         ;
; TimeQuest Timing Analyzer ; pcii-01          ; Windows 7 ; 6.2        ; x86_64         ;
; Assembler                 ; pcii-01          ; Windows 7 ; 6.2        ; x86_64         ;
; EDA Netlist Writer        ; pcii-01          ; Windows 7 ; 6.2        ; x86_64         ;
+---------------------------+------------------+-----------+------------+----------------+


------------
; Flow Log ;
------------
quartus_map --read_settings_files=on --write_settings_files=off fsmmoore -c fsmmoore
quartus_fit --read_settings_files=on --write_settings_files=off fsmmoore -c fsmmoore
quartus_sta fsmmoore -c fsmmoore --do_report_timing
quartus_asm --read_settings_files=on --write_settings_files=off fsmmoore -c fsmmoore
quartus_eda --read_settings_files=on --write_settings_files=off fsmmoore -c fsmmoore



