TimeQuest Timing Analyzer report for fsmmoore
Wed Mar 04 16:16:17 2020
Quartus II 64-Bit Version 13.0.1 Build 232 06/12/2013 Service Pack 1 SJ Web Edition


---------------------
; Table of Contents ;
---------------------
  1. Legal Notice
  2. TimeQuest Timing Analyzer Summary
  3. Parallel Compilation
  4. SDC File List
  5. Clocks
  6. Slow Model Fmax Summary
  7. Slow Model Setup Summary
  8. Slow Model Hold Summary
  9. Slow Model Recovery Summary
 10. Slow Model Removal Summary
 11. Slow Model Minimum Pulse Width Summary
 12. Slow Model Setup: 'clk'
 13. Slow Model Hold: 'clk'
 14. Slow Model Minimum Pulse Width: 'clk'
 15. Setup Times
 16. Hold Times
 17. Clock to Output Times
 18. Minimum Clock to Output Times
 19. Fast Model Setup Summary
 20. Fast Model Hold Summary
 21. Fast Model Recovery Summary
 22. Fast Model Removal Summary
 23. Fast Model Minimum Pulse Width Summary
 24. Fast Model Setup: 'clk'
 25. Fast Model Hold: 'clk'
 26. Fast Model Minimum Pulse Width: 'clk'
 27. Setup Times
 28. Hold Times
 29. Clock to Output Times
 30. Minimum Clock to Output Times
 31. Multicorner Timing Analysis Summary
 32. Setup Times
 33. Hold Times
 34. Clock to Output Times
 35. Minimum Clock to Output Times
 36. Setup Transfers
 37. Hold Transfers
 38. Report TCCS
 39. Report RSKM
 40. Unconstrained Paths
 41. TimeQuest Timing Analyzer Messages



----------------
; Legal Notice ;
----------------
Copyright (C) 1991-2013 Altera Corporation
Your use of Altera Corporation's design tools, logic functions 
and other software and tools, and its AMPP partner logic 
functions, and any output files from any of the foregoing 
(including device programming or simulation files), and any 
associated documentation or information are expressly subject 
to the terms and conditions of the Altera Program License 
Subscription Agreement, Altera MegaCore Function License 
Agreement, or other applicable license agreement, including, 
without limitation, that your use is for the sole purpose of 
programming logic devices manufactured by Altera and sold by 
Altera or its authorized distributors.  Please refer to the 
applicable agreement for further details.



+----------------------------------------------------------------------------------------+
; TimeQuest Timing Analyzer Summary                                                      ;
+--------------------+-------------------------------------------------------------------+
; Quartus II Version ; Version 13.0.1 Build 232 06/12/2013 Service Pack 1 SJ Web Edition ;
; Revision Name      ; fsmmoore                                                          ;
; Device Family      ; Cyclone II                                                        ;
; Device Name        ; EP2C35F672C6                                                      ;
; Timing Models      ; Final                                                             ;
; Delay Model        ; Combined                                                          ;
; Rise/Fall Delays   ; Unavailable                                                       ;
+--------------------+-------------------------------------------------------------------+


+------------------------------------------+
; Parallel Compilation                     ;
+----------------------------+-------------+
; Processors                 ; Number      ;
+----------------------------+-------------+
; Number detected on machine ; 8           ;
; Maximum allowed            ; 4           ;
;                            ;             ;
; Average used               ; 1.00        ;
; Maximum used               ; 1           ;
;                            ;             ;
; Usage by Processor         ; % Time Used ;
;     Processor 1            ; 100.0%      ;
;     Processors 2-8         ;   0.0%      ;
+----------------------------+-------------+


+------------------------------------------------------------------+
; SDC File List                                                    ;
+------------------------------+--------+--------------------------+
; SDC File Path                ; Status ; Read at                  ;
+------------------------------+--------+--------------------------+
; fsmmoore_pnr_constraints.sdc ; OK     ; Wed Mar 04 16:16:16 2020 ;
+------------------------------+--------+--------------------------+


+------------------------------------------------------------------------------------------------------------------------------------------------------------------------------------+
; Clocks                                                                                                                                                                             ;
+------------+------+----------+-----------+-------+---------+------------+-----------+-------------+-------+--------+-----------+------------+----------+--------+--------+---------+
; Clock Name ; Type ; Period   ; Frequency ; Rise  ; Fall    ; Duty Cycle ; Divide by ; Multiply by ; Phase ; Offset ; Edge List ; Edge Shift ; Inverted ; Master ; Source ; Targets ;
+------------+------+----------+-----------+-------+---------+------------+-----------+-------------+-------+--------+-----------+------------+----------+--------+--------+---------+
; clk        ; Base ; 1000.000 ; 1.0 MHz   ; 0.000 ; 500.000 ;            ;           ;             ;       ;        ;           ;            ;          ;        ;        ; { clk } ;
+------------+------+----------+-----------+-------+---------+------------+-----------+-------------+-------+--------+-----------+------------+----------+--------+--------+---------+


+-------------------------------------------------+
; Slow Model Fmax Summary                         ;
+-----------+-----------------+------------+------+
; Fmax      ; Restricted Fmax ; Clock Name ; Note ;
+-----------+-----------------+------------+------+
; 86.34 MHz ; 86.34 MHz       ; clk        ;      ;
+-----------+-----------------+------------+------+
This panel reports FMAX for every clock in the design, regardless of the user-specified clock periods.  FMAX is only computed for paths where the source and destination registers or ports are driven by the same clock.  Paths of different clocks, including generated clocks, are ignored.  For paths between a clock and its inversion, FMAX is computed as if the rising and falling edges are scaled along with FMAX, such that the duty cycle (in terms of a percentage) is maintained. Altera recommends that you always use clock constraints and other slack reports for sign-off analysis.


+---------------------------------+
; Slow Model Setup Summary        ;
+-------+---------+---------------+
; Clock ; Slack   ; End Point TNS ;
+-------+---------+---------------+
; clk   ; 988.418 ; 0.000         ;
+-------+---------+---------------+


+-------------------------------+
; Slow Model Hold Summary       ;
+-------+-------+---------------+
; Clock ; Slack ; End Point TNS ;
+-------+-------+---------------+
; clk   ; 0.391 ; 0.000         ;
+-------+-------+---------------+


-------------------------------
; Slow Model Recovery Summary ;
-------------------------------
No paths to report.


------------------------------
; Slow Model Removal Summary ;
------------------------------
No paths to report.


+----------------------------------------+
; Slow Model Minimum Pulse Width Summary ;
+-------+---------+----------------------+
; Clock ; Slack   ; End Point TNS        ;
+-------+---------+----------------------+
; clk   ; 499.000 ; 0.000                ;
+-------+---------+----------------------+


+-----------------------------------------------------------------------------------------------------------------------------+
; Slow Model Setup: 'clk'                                                                                                     ;
+---------+----------------------+----------------------+--------------+-------------+--------------+------------+------------+
; Slack   ; From Node            ; To Node              ; Launch Clock ; Latch Clock ; Relationship ; Clock Skew ; Data Delay ;
+---------+----------------------+----------------------+--------------+-------------+--------------+------------+------------+
; 988.418 ; mad_obuf~data_in_reg ; mad                  ; clk          ; clk         ; 1000.000     ; -2.522     ; 3.060      ;
; 988.428 ; mam_obuf~data_in_reg ; mam                  ; clk          ; clk         ; 1000.000     ; -2.522     ; 3.050      ;
; 994.385 ; m                    ; mad_obuf~data_in_reg ; clk          ; clk         ; 1000.000     ; 2.522      ; 7.761      ;
; 995.283 ; m                    ; mad_dup_0            ; clk          ; clk         ; 1000.000     ; 2.668      ; 7.121      ;
; 997.382 ; mad_dup_0            ; mad_obuf~data_in_reg ; clk          ; clk         ; 1000.000     ; -0.146     ; 2.396      ;
; 997.530 ; mam_dup_0            ; mad_obuf~data_in_reg ; clk          ; clk         ; 1000.000     ; -0.146     ; 2.248      ;
; 998.060 ; mad_dup_0            ; mam_obuf~data_in_reg ; clk          ; clk         ; 1000.000     ; -0.146     ; 1.718      ;
; 998.280 ; mad_dup_0            ; mad_dup_0            ; clk          ; clk         ; 1000.000     ; 0.000      ; 1.756      ;
; 998.428 ; mam_dup_0            ; mad_dup_0            ; clk          ; clk         ; 1000.000     ; 0.000      ; 1.608      ;
; 998.481 ; mam_dup_0            ; mam_obuf~data_in_reg ; clk          ; clk         ; 1000.000     ; -0.146     ; 1.297      ;
; 998.958 ; mad_dup_0            ; mam_dup_0            ; clk          ; clk         ; 1000.000     ; 0.000      ; 1.078      ;
; 999.379 ; mam_dup_0            ; mam_dup_0            ; clk          ; clk         ; 1000.000     ; 0.000      ; 0.657      ;
+---------+----------------------+----------------------+--------------+-------------+--------------+------------+------------+


+----------------------------------------------------------------------------------------------------------------------------+
; Slow Model Hold: 'clk'                                                                                                     ;
+--------+----------------------+----------------------+--------------+-------------+--------------+------------+------------+
; Slack  ; From Node            ; To Node              ; Launch Clock ; Latch Clock ; Relationship ; Clock Skew ; Data Delay ;
+--------+----------------------+----------------------+--------------+-------------+--------------+------------+------------+
; 0.391  ; mam_dup_0            ; mam_dup_0            ; clk          ; clk         ; 0.000        ; 0.000      ; 0.657      ;
; 0.391  ; mad_dup_0            ; mad_dup_0            ; clk          ; clk         ; 0.000        ; 0.000      ; 0.657      ;
; 0.812  ; mad_dup_0            ; mam_dup_0            ; clk          ; clk         ; 0.000        ; 0.000      ; 1.078      ;
; 0.838  ; mam_dup_0            ; mad_dup_0            ; clk          ; clk         ; 0.000        ; 0.000      ; 1.104      ;
; 1.355  ; mam_dup_0            ; mam_obuf~data_in_reg ; clk          ; clk         ; 0.000        ; -0.146     ; 1.297      ;
; 1.355  ; mad_dup_0            ; mad_obuf~data_in_reg ; clk          ; clk         ; 0.000        ; -0.146     ; 1.297      ;
; 1.776  ; mad_dup_0            ; mam_obuf~data_in_reg ; clk          ; clk         ; 0.000        ; -0.146     ; 1.718      ;
; 1.802  ; mam_dup_0            ; mad_obuf~data_in_reg ; clk          ; clk         ; 0.000        ; -0.146     ; 1.744      ;
; 4.487  ; m                    ; mad_dup_0            ; clk          ; clk         ; 0.000        ; 2.668      ; 7.121      ;
; 5.451  ; m                    ; mad_obuf~data_in_reg ; clk          ; clk         ; 0.000        ; 2.522      ; 7.761      ;
; 11.572 ; mam_obuf~data_in_reg ; mam                  ; clk          ; clk         ; 0.000        ; -2.522     ; 3.050      ;
; 11.582 ; mad_obuf~data_in_reg ; mad                  ; clk          ; clk         ; 0.000        ; -2.522     ; 3.060      ;
+--------+----------------------+----------------------+--------------+-------------+--------------+------------+------------+


+------------------------------------------------------------------------------------------------------------+
; Slow Model Minimum Pulse Width: 'clk'                                                                      ;
+---------+--------------+----------------+------------------+-------+------------+--------------------------+
; Slack   ; Actual Width ; Required Width ; Type             ; Clock ; Clock Edge ; Target                   ;
+---------+--------------+----------------+------------------+-------+------------+--------------------------+
; 499.000 ; 500.000      ; 1.000          ; High Pulse Width ; clk   ; Rise       ; mad_dup_0                ;
; 499.000 ; 500.000      ; 1.000          ; Low Pulse Width  ; clk   ; Rise       ; mad_dup_0                ;
; 499.000 ; 500.000      ; 1.000          ; High Pulse Width ; clk   ; Rise       ; mad_obuf~data_in_reg     ;
; 499.000 ; 500.000      ; 1.000          ; Low Pulse Width  ; clk   ; Rise       ; mad_obuf~data_in_reg     ;
; 499.000 ; 500.000      ; 1.000          ; High Pulse Width ; clk   ; Rise       ; mam_dup_0                ;
; 499.000 ; 500.000      ; 1.000          ; Low Pulse Width  ; clk   ; Rise       ; mam_dup_0                ;
; 499.000 ; 500.000      ; 1.000          ; High Pulse Width ; clk   ; Rise       ; mam_obuf~data_in_reg     ;
; 499.000 ; 500.000      ; 1.000          ; Low Pulse Width  ; clk   ; Rise       ; mam_obuf~data_in_reg     ;
; 500.000 ; 500.000      ; 0.000          ; High Pulse Width ; clk   ; Rise       ; clk_ibuf|combout         ;
; 500.000 ; 500.000      ; 0.000          ; Low Pulse Width  ; clk   ; Rise       ; clk_ibuf|combout         ;
; 500.000 ; 500.000      ; 0.000          ; High Pulse Width ; clk   ; Rise       ; clk~clkctrl|inclk[0]     ;
; 500.000 ; 500.000      ; 0.000          ; Low Pulse Width  ; clk   ; Rise       ; clk~clkctrl|inclk[0]     ;
; 500.000 ; 500.000      ; 0.000          ; High Pulse Width ; clk   ; Rise       ; clk~clkctrl|outclk       ;
; 500.000 ; 500.000      ; 0.000          ; Low Pulse Width  ; clk   ; Rise       ; clk~clkctrl|outclk       ;
; 500.000 ; 500.000      ; 0.000          ; High Pulse Width ; clk   ; Rise       ; mad_obuf|outclk          ;
; 500.000 ; 500.000      ; 0.000          ; Low Pulse Width  ; clk   ; Rise       ; mad_obuf|outclk          ;
; 500.000 ; 500.000      ; 0.000          ; High Pulse Width ; clk   ; Rise       ; mam_obuf|outclk          ;
; 500.000 ; 500.000      ; 0.000          ; Low Pulse Width  ; clk   ; Rise       ; mam_obuf|outclk          ;
; 500.000 ; 500.000      ; 0.000          ; High Pulse Width ; clk   ; Rise       ; reg_etat_courrant_0_|clk ;
; 500.000 ; 500.000      ; 0.000          ; Low Pulse Width  ; clk   ; Rise       ; reg_etat_courrant_0_|clk ;
; 500.000 ; 500.000      ; 0.000          ; High Pulse Width ; clk   ; Rise       ; reg_etat_courrant_1_|clk ;
; 500.000 ; 500.000      ; 0.000          ; Low Pulse Width  ; clk   ; Rise       ; reg_etat_courrant_1_|clk ;
; 997.620 ; 1000.000     ; 2.380          ; Port Rate        ; clk   ; Rise       ; clk                      ;
+---------+--------------+----------------+------------------+-------+------------+--------------------------+


+-----------------------------------------------------------------------+
; Setup Times                                                           ;
+-----------+------------+-------+-------+------------+-----------------+
; Data Port ; Clock Port ; Rise  ; Fall  ; Clock Edge ; Clock Reference ;
+-----------+------------+-------+-------+------------+-----------------+
; dtr       ; clk        ; 1.359 ; 1.359 ; Rise       ; clk             ;
; m         ; clk        ; 5.315 ; 5.315 ; Rise       ; clk             ;
; rts       ; clk        ; 1.104 ; 1.104 ; Rise       ; clk             ;
+-----------+------------+-------+-------+------------+-----------------+


+-------------------------------------------------------------------------+
; Hold Times                                                              ;
+-----------+------------+--------+--------+------------+-----------------+
; Data Port ; Clock Port ; Rise   ; Fall   ; Clock Edge ; Clock Reference ;
+-----------+------------+--------+--------+------------+-----------------+
; dtr       ; clk        ; 0.444  ; 0.444  ; Rise       ; clk             ;
; m         ; clk        ; -4.187 ; -4.187 ; Rise       ; clk             ;
; rts       ; clk        ; 0.701  ; 0.701  ; Rise       ; clk             ;
+-----------+------------+--------+--------+------------+-----------------+


+-----------------------------------------------------------------------+
; Clock to Output Times                                                 ;
+-----------+------------+-------+-------+------------+-----------------+
; Data Port ; Clock Port ; Rise  ; Fall  ; Clock Edge ; Clock Reference ;
+-----------+------------+-------+-------+------------+-----------------+
; cts       ; clk        ; 7.275 ; 7.275 ; Rise       ; clk             ;
; dsr       ; clk        ; 7.808 ; 7.808 ; Rise       ; clk             ;
; mad       ; clk        ; 5.582 ; 5.582 ; Rise       ; clk             ;
; mam       ; clk        ; 5.572 ; 5.572 ; Rise       ; clk             ;
+-----------+------------+-------+-------+------------+-----------------+


+-----------------------------------------------------------------------+
; Minimum Clock to Output Times                                         ;
+-----------+------------+-------+-------+------------+-----------------+
; Data Port ; Clock Port ; Rise  ; Fall  ; Clock Edge ; Clock Reference ;
+-----------+------------+-------+-------+------------+-----------------+
; cts       ; clk        ; 7.275 ; 7.275 ; Rise       ; clk             ;
; dsr       ; clk        ; 7.688 ; 7.688 ; Rise       ; clk             ;
; mad       ; clk        ; 5.582 ; 5.582 ; Rise       ; clk             ;
; mam       ; clk        ; 5.572 ; 5.572 ; Rise       ; clk             ;
+-----------+------------+-------+-------+------------+-----------------+


+---------------------------------+
; Fast Model Setup Summary        ;
+-------+---------+---------------+
; Clock ; Slack   ; End Point TNS ;
+-------+---------+---------------+
; clk   ; 990.837 ; 0.000         ;
+-------+---------+---------------+


+-------------------------------+
; Fast Model Hold Summary       ;
+-------+-------+---------------+
; Clock ; Slack ; End Point TNS ;
+-------+-------+---------------+
; clk   ; 0.215 ; 0.000         ;
+-------+-------+---------------+


-------------------------------
; Fast Model Recovery Summary ;
-------------------------------
No paths to report.


------------------------------
; Fast Model Removal Summary ;
------------------------------
No paths to report.


+----------------------------------------+
; Fast Model Minimum Pulse Width Summary ;
+-------+---------+----------------------+
; Clock ; Slack   ; End Point TNS        ;
+-------+---------+----------------------+
; clk   ; 499.000 ; 0.000                ;
+-------+---------+----------------------+


+-----------------------------------------------------------------------------------------------------------------------------+
; Fast Model Setup: 'clk'                                                                                                     ;
+---------+----------------------+----------------------+--------------+-------------+--------------+------------+------------+
; Slack   ; From Node            ; To Node              ; Launch Clock ; Latch Clock ; Relationship ; Clock Skew ; Data Delay ;
+---------+----------------------+----------------------+--------------+-------------+--------------+------------+------------+
; 990.837 ; mad_obuf~data_in_reg ; mad                  ; clk          ; clk         ; 1000.000     ; -1.502     ; 1.661      ;
; 990.847 ; mam_obuf~data_in_reg ; mam                  ; clk          ; clk         ; 1000.000     ; -1.502     ; 1.651      ;
; 996.755 ; m                    ; mad_obuf~data_in_reg ; clk          ; clk         ; 1000.000     ; 1.502      ; 4.412      ;
; 997.290 ; m                    ; mad_dup_0            ; clk          ; clk         ; 1000.000     ; 1.646      ; 4.088      ;
; 998.686 ; mad_dup_0            ; mad_obuf~data_in_reg ; clk          ; clk         ; 1000.000     ; -0.144     ; 1.135      ;
; 998.757 ; mam_dup_0            ; mad_obuf~data_in_reg ; clk          ; clk         ; 1000.000     ; -0.144     ; 1.064      ;
; 998.978 ; mad_dup_0            ; mam_obuf~data_in_reg ; clk          ; clk         ; 1000.000     ; -0.144     ; 0.843      ;
; 999.130 ; mam_dup_0            ; mam_obuf~data_in_reg ; clk          ; clk         ; 1000.000     ; -0.144     ; 0.691      ;
; 999.221 ; mad_dup_0            ; mad_dup_0            ; clk          ; clk         ; 1000.000     ; 0.000      ; 0.811      ;
; 999.292 ; mam_dup_0            ; mad_dup_0            ; clk          ; clk         ; 1000.000     ; 0.000      ; 0.740      ;
; 999.513 ; mad_dup_0            ; mam_dup_0            ; clk          ; clk         ; 1000.000     ; 0.000      ; 0.519      ;
; 999.665 ; mam_dup_0            ; mam_dup_0            ; clk          ; clk         ; 1000.000     ; 0.000      ; 0.367      ;
+---------+----------------------+----------------------+--------------+-------------+--------------+------------+------------+


+---------------------------------------------------------------------------------------------------------------------------+
; Fast Model Hold: 'clk'                                                                                                    ;
+-------+----------------------+----------------------+--------------+-------------+--------------+------------+------------+
; Slack ; From Node            ; To Node              ; Launch Clock ; Latch Clock ; Relationship ; Clock Skew ; Data Delay ;
+-------+----------------------+----------------------+--------------+-------------+--------------+------------+------------+
; 0.215 ; mam_dup_0            ; mam_dup_0            ; clk          ; clk         ; 0.000        ; 0.000      ; 0.367      ;
; 0.215 ; mad_dup_0            ; mad_dup_0            ; clk          ; clk         ; 0.000        ; 0.000      ; 0.367      ;
; 0.367 ; mad_dup_0            ; mam_dup_0            ; clk          ; clk         ; 0.000        ; 0.000      ; 0.519      ;
; 0.375 ; mam_dup_0            ; mad_dup_0            ; clk          ; clk         ; 0.000        ; 0.000      ; 0.527      ;
; 0.784 ; mam_dup_0            ; mam_obuf~data_in_reg ; clk          ; clk         ; 0.000        ; -0.144     ; 0.691      ;
; 0.784 ; mad_dup_0            ; mad_obuf~data_in_reg ; clk          ; clk         ; 0.000        ; -0.144     ; 0.691      ;
; 0.936 ; mad_dup_0            ; mam_obuf~data_in_reg ; clk          ; clk         ; 0.000        ; -0.144     ; 0.843      ;
; 0.944 ; mam_dup_0            ; mad_obuf~data_in_reg ; clk          ; clk         ; 0.000        ; -0.144     ; 0.851      ;
; 2.590 ; m                    ; mad_dup_0            ; clk          ; clk         ; 0.000        ; 1.646      ; 4.088      ;
; 3.159 ; m                    ; mad_obuf~data_in_reg ; clk          ; clk         ; 0.000        ; 1.502      ; 4.412      ;
; 9.153 ; mam_obuf~data_in_reg ; mam                  ; clk          ; clk         ; 0.000        ; -1.502     ; 1.651      ;
; 9.163 ; mad_obuf~data_in_reg ; mad                  ; clk          ; clk         ; 0.000        ; -1.502     ; 1.661      ;
+-------+----------------------+----------------------+--------------+-------------+--------------+------------+------------+


+------------------------------------------------------------------------------------------------------------+
; Fast Model Minimum Pulse Width: 'clk'                                                                      ;
+---------+--------------+----------------+------------------+-------+------------+--------------------------+
; Slack   ; Actual Width ; Required Width ; Type             ; Clock ; Clock Edge ; Target                   ;
+---------+--------------+----------------+------------------+-------+------------+--------------------------+
; 499.000 ; 500.000      ; 1.000          ; High Pulse Width ; clk   ; Rise       ; mad_dup_0                ;
; 499.000 ; 500.000      ; 1.000          ; Low Pulse Width  ; clk   ; Rise       ; mad_dup_0                ;
; 499.000 ; 500.000      ; 1.000          ; High Pulse Width ; clk   ; Rise       ; mad_obuf~data_in_reg     ;
; 499.000 ; 500.000      ; 1.000          ; Low Pulse Width  ; clk   ; Rise       ; mad_obuf~data_in_reg     ;
; 499.000 ; 500.000      ; 1.000          ; High Pulse Width ; clk   ; Rise       ; mam_dup_0                ;
; 499.000 ; 500.000      ; 1.000          ; Low Pulse Width  ; clk   ; Rise       ; mam_dup_0                ;
; 499.000 ; 500.000      ; 1.000          ; High Pulse Width ; clk   ; Rise       ; mam_obuf~data_in_reg     ;
; 499.000 ; 500.000      ; 1.000          ; Low Pulse Width  ; clk   ; Rise       ; mam_obuf~data_in_reg     ;
; 500.000 ; 500.000      ; 0.000          ; High Pulse Width ; clk   ; Rise       ; clk_ibuf|combout         ;
; 500.000 ; 500.000      ; 0.000          ; Low Pulse Width  ; clk   ; Rise       ; clk_ibuf|combout         ;
; 500.000 ; 500.000      ; 0.000          ; High Pulse Width ; clk   ; Rise       ; clk~clkctrl|inclk[0]     ;
; 500.000 ; 500.000      ; 0.000          ; Low Pulse Width  ; clk   ; Rise       ; clk~clkctrl|inclk[0]     ;
; 500.000 ; 500.000      ; 0.000          ; High Pulse Width ; clk   ; Rise       ; clk~clkctrl|outclk       ;
; 500.000 ; 500.000      ; 0.000          ; Low Pulse Width  ; clk   ; Rise       ; clk~clkctrl|outclk       ;
; 500.000 ; 500.000      ; 0.000          ; High Pulse Width ; clk   ; Rise       ; mad_obuf|outclk          ;
; 500.000 ; 500.000      ; 0.000          ; Low Pulse Width  ; clk   ; Rise       ; mad_obuf|outclk          ;
; 500.000 ; 500.000      ; 0.000          ; High Pulse Width ; clk   ; Rise       ; mam_obuf|outclk          ;
; 500.000 ; 500.000      ; 0.000          ; Low Pulse Width  ; clk   ; Rise       ; mam_obuf|outclk          ;
; 500.000 ; 500.000      ; 0.000          ; High Pulse Width ; clk   ; Rise       ; reg_etat_courrant_0_|clk ;
; 500.000 ; 500.000      ; 0.000          ; Low Pulse Width  ; clk   ; Rise       ; reg_etat_courrant_0_|clk ;
; 500.000 ; 500.000      ; 0.000          ; High Pulse Width ; clk   ; Rise       ; reg_etat_courrant_1_|clk ;
; 500.000 ; 500.000      ; 0.000          ; Low Pulse Width  ; clk   ; Rise       ; reg_etat_courrant_1_|clk ;
; 997.620 ; 1000.000     ; 2.380          ; Port Rate        ; clk   ; Rise       ; clk                      ;
+---------+--------------+----------------+------------------+-------+------------+--------------------------+


+-----------------------------------------------------------------------+
; Setup Times                                                           ;
+-----------+------------+-------+-------+------------+-----------------+
; Data Port ; Clock Port ; Rise  ; Fall  ; Clock Edge ; Clock Reference ;
+-----------+------------+-------+-------+------------+-----------------+
; dtr       ; clk        ; 0.419 ; 0.419 ; Rise       ; clk             ;
; m         ; clk        ; 2.945 ; 2.945 ; Rise       ; clk             ;
; rts       ; clk        ; 0.297 ; 0.297 ; Rise       ; clk             ;
+-----------+------------+-------+-------+------------+-----------------+


+-------------------------------------------------------------------------+
; Hold Times                                                              ;
+-----------+------------+--------+--------+------------+-----------------+
; Data Port ; Clock Port ; Rise   ; Fall   ; Clock Edge ; Clock Reference ;
+-----------+------------+--------+--------+------------+-----------------+
; dtr       ; clk        ; 0.527  ; 0.527  ; Rise       ; clk             ;
; m         ; clk        ; -2.290 ; -2.290 ; Rise       ; clk             ;
; rts       ; clk        ; 0.648  ; 0.648  ; Rise       ; clk             ;
+-----------+------------+--------+--------+------------+-----------------+


+-----------------------------------------------------------------------+
; Clock to Output Times                                                 ;
+-----------+------------+-------+-------+------------+-----------------+
; Data Port ; Clock Port ; Rise  ; Fall  ; Clock Edge ; Clock Reference ;
+-----------+------------+-------+-------+------------+-----------------+
; cts       ; clk        ; 4.090 ; 4.090 ; Rise       ; clk             ;
; dsr       ; clk        ; 4.311 ; 4.311 ; Rise       ; clk             ;
; mad       ; clk        ; 3.163 ; 3.163 ; Rise       ; clk             ;
; mam       ; clk        ; 3.153 ; 3.153 ; Rise       ; clk             ;
+-----------+------------+-------+-------+------------+-----------------+


+-----------------------------------------------------------------------+
; Minimum Clock to Output Times                                         ;
+-----------+------------+-------+-------+------------+-----------------+
; Data Port ; Clock Port ; Rise  ; Fall  ; Clock Edge ; Clock Reference ;
+-----------+------------+-------+-------+------------+-----------------+
; cts       ; clk        ; 4.090 ; 4.090 ; Rise       ; clk             ;
; dsr       ; clk        ; 4.263 ; 4.263 ; Rise       ; clk             ;
; mad       ; clk        ; 3.163 ; 3.163 ; Rise       ; clk             ;
; mam       ; clk        ; 3.153 ; 3.153 ; Rise       ; clk             ;
+-----------+------------+-------+-------+------------+-----------------+


+-------------------------------------------------------------------------------+
; Multicorner Timing Analysis Summary                                           ;
+------------------+---------+-------+----------+---------+---------------------+
; Clock            ; Setup   ; Hold  ; Recovery ; Removal ; Minimum Pulse Width ;
+------------------+---------+-------+----------+---------+---------------------+
; Worst-case Slack ; 988.418 ; 0.215 ; N/A      ; N/A     ; 499.000             ;
;  clk             ; 988.418 ; 0.215 ; N/A      ; N/A     ; 499.000             ;
; Design-wide TNS  ; 0.0     ; 0.0   ; 0.0      ; 0.0     ; 0.0                 ;
;  clk             ; 0.000   ; 0.000 ; N/A      ; N/A     ; 0.000               ;
+------------------+---------+-------+----------+---------+---------------------+


+-----------------------------------------------------------------------+
; Setup Times                                                           ;
+-----------+------------+-------+-------+------------+-----------------+
; Data Port ; Clock Port ; Rise  ; Fall  ; Clock Edge ; Clock Reference ;
+-----------+------------+-------+-------+------------+-----------------+
; dtr       ; clk        ; 1.359 ; 1.359 ; Rise       ; clk             ;
; m         ; clk        ; 5.315 ; 5.315 ; Rise       ; clk             ;
; rts       ; clk        ; 1.104 ; 1.104 ; Rise       ; clk             ;
+-----------+------------+-------+-------+------------+-----------------+


+-------------------------------------------------------------------------+
; Hold Times                                                              ;
+-----------+------------+--------+--------+------------+-----------------+
; Data Port ; Clock Port ; Rise   ; Fall   ; Clock Edge ; Clock Reference ;
+-----------+------------+--------+--------+------------+-----------------+
; dtr       ; clk        ; 0.527  ; 0.527  ; Rise       ; clk             ;
; m         ; clk        ; -2.290 ; -2.290 ; Rise       ; clk             ;
; rts       ; clk        ; 0.701  ; 0.701  ; Rise       ; clk             ;
+-----------+------------+--------+--------+------------+-----------------+


+-----------------------------------------------------------------------+
; Clock to Output Times                                                 ;
+-----------+------------+-------+-------+------------+-----------------+
; Data Port ; Clock Port ; Rise  ; Fall  ; Clock Edge ; Clock Reference ;
+-----------+------------+-------+-------+------------+-----------------+
; cts       ; clk        ; 7.275 ; 7.275 ; Rise       ; clk             ;
; dsr       ; clk        ; 7.808 ; 7.808 ; Rise       ; clk             ;
; mad       ; clk        ; 5.582 ; 5.582 ; Rise       ; clk             ;
; mam       ; clk        ; 5.572 ; 5.572 ; Rise       ; clk             ;
+-----------+------------+-------+-------+------------+-----------------+


+-----------------------------------------------------------------------+
; Minimum Clock to Output Times                                         ;
+-----------+------------+-------+-------+------------+-----------------+
; Data Port ; Clock Port ; Rise  ; Fall  ; Clock Edge ; Clock Reference ;
+-----------+------------+-------+-------+------------+-----------------+
; cts       ; clk        ; 4.090 ; 4.090 ; Rise       ; clk             ;
; dsr       ; clk        ; 4.263 ; 4.263 ; Rise       ; clk             ;
; mad       ; clk        ; 3.163 ; 3.163 ; Rise       ; clk             ;
; mam       ; clk        ; 3.153 ; 3.153 ; Rise       ; clk             ;
+-----------+------------+-------+-------+------------+-----------------+


+-------------------------------------------------------------------+
; Setup Transfers                                                   ;
+------------+----------+----------+----------+----------+----------+
; From Clock ; To Clock ; RR Paths ; FR Paths ; RF Paths ; FF Paths ;
+------------+----------+----------+----------+----------+----------+
; clk        ; clk      ; 16       ; 0        ; 0        ; 0        ;
+------------+----------+----------+----------+----------+----------+
Entries labeled "false path" only account for clock-to-clock false paths and not path-based false paths. As a result, actual path counts may be lower than reported.


+-------------------------------------------------------------------+
; Hold Transfers                                                    ;
+------------+----------+----------+----------+----------+----------+
; From Clock ; To Clock ; RR Paths ; FR Paths ; RF Paths ; FF Paths ;
+------------+----------+----------+----------+----------+----------+
; clk        ; clk      ; 16       ; 0        ; 0        ; 0        ;
+------------+----------+----------+----------+----------+----------+
Entries labeled "false path" only account for clock-to-clock false paths and not path-based false paths. As a result, actual path counts may be lower than reported.


---------------
; Report TCCS ;
---------------
No dedicated SERDES Transmitter circuitry present in device or used in design


---------------
; Report RSKM ;
---------------
No dedicated SERDES Receiver circuitry present in device or used in design


+------------------------------------------------+
; Unconstrained Paths                            ;
+---------------------------------+-------+------+
; Property                        ; Setup ; Hold ;
+---------------------------------+-------+------+
; Illegal Clocks                  ; 0     ; 0    ;
; Unconstrained Clocks            ; 0     ; 0    ;
; Unconstrained Input Ports       ; 3     ; 3    ;
; Unconstrained Input Port Paths  ; 12    ; 12   ;
; Unconstrained Output Ports      ; 2     ; 2    ;
; Unconstrained Output Port Paths ; 3     ; 3    ;
+---------------------------------+-------+------+


+------------------------------------+
; TimeQuest Timing Analyzer Messages ;
+------------------------------------+
Info: *******************************************************************
Info: Running Quartus II 64-Bit TimeQuest Timing Analyzer
    Info: Version 13.0.1 Build 232 06/12/2013 Service Pack 1 SJ Web Edition
    Info: Processing started: Wed Mar 04 16:16:13 2020
Info: Command: quartus_sta fsmmoore -c fsmmoore --do_report_timing
Info: qsta_default_script.tcl version: #1
Info (11104): Parallel Compilation has detected 8 hyper-threaded processors. However, the extra hyper-threaded processors will not be used by default. Parallel Compilation will use 4 of the 4 physical processors detected instead.
Info (332104): Reading SDC File: 'fsmmoore_pnr_constraints.sdc'
Info: Found TIMEQUEST_REPORT_SCRIPT_INCLUDE_DEFAULT_ANALYSIS = ON
Info: Analyzing Slow Model
Info (332146): Worst-case setup slack is 988.418
    Info (332119):     Slack End Point TNS Clock 
    Info (332119): ========= ============= =====================
    Info (332119):   988.418         0.000 clk 
Info (332146): Worst-case hold slack is 0.391
    Info (332119):     Slack End Point TNS Clock 
    Info (332119): ========= ============= =====================
    Info (332119):     0.391         0.000 clk 
Info (332140): No Recovery paths to report
Info (332140): No Removal paths to report
Info (332146): Worst-case minimum pulse width slack is 499.000
    Info (332119):     Slack End Point TNS Clock 
    Info (332119): ========= ============= =====================
    Info (332119):   499.000         0.000 clk 
Info (332001): The selected device family is not supported by the report_metastability command.
Info (332115): Report Timing: Found 1 setup paths (0 violated).  Worst case slack is 988.418
    Info (332115): -to_clock [get_clocks {clk}]
    Info (332115): -setup
    Info (332115): -stdout
Info (332115): Path #1: Setup slack is 988.418 
    Info (332115): ===================================================================
    Info (332115): From Node    : mad_obuf~data_in_reg
    Info (332115): To Node      : mad
    Info (332115): Launch Clock : clk
    Info (332115): Latch Clock  : clk
    Info (332115): 
    Info (332115): Data Arrival Path:
    Info (332115): 
    Info (332115): Total (ns)  Incr (ns)     Type  Element
    Info (332115): ==========  ========= ==  ====  ===================================
    Info (332115):      0.000      0.000           launch edge time
    Info (332115):      2.522      2.522  R        clock network delay
    Info (332115):      2.677      0.155     uTco  mad_obuf~data_in_reg
    Info (332115):      5.582      2.905 RR  CELL  mad
    Info (332115): 
    Info (332115): Data Required Path:
    Info (332115): 
    Info (332115): Total (ns)  Incr (ns)     Type  Element
    Info (332115): ==========  ========= ==  ====  ===================================
    Info (332115):   1000.000   1000.000           latch edge time
    Info (332115):   1000.000      0.000  R        clock network delay
    Info (332115):    994.000     -6.000  R  oExt  mad
    Info (332115): 
    Info (332115): Data Arrival Time  :     5.582
    Info (332115): Data Required Time :   994.000
    Info (332115): Slack              :   988.418 
    Info (332115): ===================================================================
    Info (332115): 
Info (332115): Report Timing: Found 1 hold paths (0 violated).  Worst case slack is 0.391
    Info (332115): -to_clock [get_clocks {clk}]
    Info (332115): -hold
    Info (332115): -stdout
Info (332115): Path #1: Hold slack is 0.391 
    Info (332115): ===================================================================
    Info (332115): From Node    : mam_dup_0
    Info (332115): To Node      : mam_dup_0
    Info (332115): Launch Clock : clk
    Info (332115): Latch Clock  : clk
    Info (332115): 
    Info (332115): Data Arrival Path:
    Info (332115): 
    Info (332115): Total (ns)  Incr (ns)     Type  Element
    Info (332115): ==========  ========= ==  ====  ===================================
    Info (332115):      0.000      0.000           launch edge time
    Info (332115):      2.668      2.668  R        clock network delay
    Info (332115):      2.918      0.250     uTco  mam_dup_0
    Info (332115):      2.918      0.000 RR  CELL  reg_etat_courrant_1_|regout
    Info (332115):      2.918      0.000 RR    IC  ix53166z52923|datac
    Info (332115):      3.241      0.323 RR  CELL  ix53166z52923|combout
    Info (332115):      3.241      0.000 RR    IC  reg_etat_courrant_1_|datain
    Info (332115):      3.325      0.084 RR  CELL  mam_dup_0
    Info (332115): 
    Info (332115): Data Required Path:
    Info (332115): 
    Info (332115): Total (ns)  Incr (ns)     Type  Element
    Info (332115): ==========  ========= ==  ====  ===================================
    Info (332115):      0.000      0.000           latch edge time
    Info (332115):      2.668      2.668  R        clock network delay
    Info (332115):      2.934      0.266      uTh  mam_dup_0
    Info (332115): 
    Info (332115): Data Arrival Time  :     3.325
    Info (332115): Data Required Time :     2.934
    Info (332115): Slack              :     0.391 
    Info (332115): ===================================================================
    Info (332115): 
Info (332113): Report Minimum Pulse Width: Found 1 results (0 violated).  Worst case slack is 499.000
    Info (332113): Targets: [get_clocks {clk}]
    Info (332113): -nworst: 1
    Info (332113): -detail: full_path
Info (332113): Path #1: slack is 499.000 
    Info (332113): ===================================================================
    Info (332113): Node             : mad_dup_0
    Info (332113): Clock            : clk
    Info (332113): Type             : High Pulse Width
    Info (332113): 
    Info (332113): Late Clock Arrival Path:
    Info (332113): 
    Info (332113): Total (ns)  Incr (ns)     Type  Element
    Info (332113): ==========  ========= ==  ====  ===================================
    Info (332113):      0.000      0.000           launch edge time
    Info (332113):      0.000      0.000           source latency
    Info (332113):      0.000      0.000           clk
    Info (332113):      0.999      0.999 RR  CELL  clk_ibuf|combout
    Info (332113):      1.117      0.118 RR    IC  clk~clkctrl|inclk[0]
    Info (332113):      1.117      0.000 RR  CELL  clk~clkctrl|outclk
    Info (332113):      2.131      1.014 RR    IC  reg_etat_courrant_0_|clk
    Info (332113):      2.668      0.537 RR  CELL  mad_dup_0
    Info (332113): 
    Info (332113): Early Clock Arrival Path:
    Info (332113): 
    Info (332113): Total (ns)  Incr (ns)     Type  Element
    Info (332113): ==========  ========= ==  ====  ===================================
    Info (332113):    500.000    500.000           launch edge time
    Info (332113):    500.000      0.000           source latency
    Info (332113):    500.000      0.000           clk
    Info (332113):    500.999      0.999 FF  CELL  clk_ibuf|combout
    Info (332113):    501.117      0.118 FF    IC  clk~clkctrl|inclk[0]
    Info (332113):    501.117      0.000 FF  CELL  clk~clkctrl|outclk
    Info (332113):    502.131      1.014 FF    IC  reg_etat_courrant_0_|clk
    Info (332113):    502.668      0.537 FF  CELL  mad_dup_0
    Info (332113): 
    Info (332113): Required Width   :     1.000
    Info (332113): Actual Width     :   500.000
    Info (332113): Slack            :   499.000
    Info (332113): ===================================================================
    Info (332113): 
Info: Analyzing Fast Model
Info (332146): Worst-case setup slack is 990.837
    Info (332119):     Slack End Point TNS Clock 
    Info (332119): ========= ============= =====================
    Info (332119):   990.837         0.000 clk 
Info (332146): Worst-case hold slack is 0.215
    Info (332119):     Slack End Point TNS Clock 
    Info (332119): ========= ============= =====================
    Info (332119):     0.215         0.000 clk 
Info (332140): No Recovery paths to report
Info (332140): No Removal paths to report
Info (332146): Worst-case minimum pulse width slack is 499.000
    Info (332119):     Slack End Point TNS Clock 
    Info (332119): ========= ============= =====================
    Info (332119):   499.000         0.000 clk 
Info (332001): The selected device family is not supported by the report_metastability command.
Info (332115): Report Timing: Found 1 setup paths (0 violated).  Worst case slack is 990.837
    Info (332115): -to_clock [get_clocks {clk}]
    Info (332115): -setup
    Info (332115): -stdout
Info (332115): Path #1: Setup slack is 990.837 
    Info (332115): ===================================================================
    Info (332115): From Node    : mad_obuf~data_in_reg
    Info (332115): To Node      : mad
    Info (332115): Launch Clock : clk
    Info (332115): Latch Clock  : clk
    Info (332115): 
    Info (332115): Data Arrival Path:
    Info (332115): 
    Info (332115): Total (ns)  Incr (ns)     Type  Element
    Info (332115): ==========  ========= ==  ====  ===================================
    Info (332115):      0.000      0.000           launch edge time
    Info (332115):      1.502      1.502  R        clock network delay
    Info (332115):      1.601      0.099     uTco  mad_obuf~data_in_reg
    Info (332115):      3.163      1.562 RR  CELL  mad
    Info (332115): 
    Info (332115): Data Required Path:
    Info (332115): 
    Info (332115): Total (ns)  Incr (ns)     Type  Element
    Info (332115): ==========  ========= ==  ====  ===================================
    Info (332115):   1000.000   1000.000           latch edge time
    Info (332115):   1000.000      0.000  R        clock network delay
    Info (332115):    994.000     -6.000  R  oExt  mad
    Info (332115): 
    Info (332115): Data Arrival Time  :     3.163
    Info (332115): Data Required Time :   994.000
    Info (332115): Slack              :   990.837 
    Info (332115): ===================================================================
    Info (332115): 
Info (332115): Report Timing: Found 1 hold paths (0 violated).  Worst case slack is 0.215
    Info (332115): -to_clock [get_clocks {clk}]
    Info (332115): -hold
    Info (332115): -stdout
Info (332115): Path #1: Hold slack is 0.215 
    Info (332115): ===================================================================
    Info (332115): From Node    : mam_dup_0
    Info (332115): To Node      : mam_dup_0
    Info (332115): Launch Clock : clk
    Info (332115): Latch Clock  : clk
    Info (332115): 
    Info (332115): Data Arrival Path:
    Info (332115): 
    Info (332115): Total (ns)  Incr (ns)     Type  Element
    Info (332115): ==========  ========= ==  ====  ===================================
    Info (332115):      0.000      0.000           launch edge time
    Info (332115):      1.646      1.646  R        clock network delay
    Info (332115):      1.787      0.141     uTco  mam_dup_0
    Info (332115):      1.787      0.000 RR  CELL  reg_etat_courrant_1_|regout
    Info (332115):      1.787      0.000 RR    IC  ix53166z52923|datac
    Info (332115):      1.971      0.184 RR  CELL  ix53166z52923|combout
    Info (332115):      1.971      0.000 RR    IC  reg_etat_courrant_1_|datain
    Info (332115):      2.013      0.042 RR  CELL  mam_dup_0
    Info (332115): 
    Info (332115): Data Required Path:
    Info (332115): 
    Info (332115): Total (ns)  Incr (ns)     Type  Element
    Info (332115): ==========  ========= ==  ====  ===================================
    Info (332115):      0.000      0.000           latch edge time
    Info (332115):      1.646      1.646  R        clock network delay
    Info (332115):      1.798      0.152      uTh  mam_dup_0
    Info (332115): 
    Info (332115): Data Arrival Time  :     2.013
    Info (332115): Data Required Time :     1.798
    Info (332115): Slack              :     0.215 
    Info (332115): ===================================================================
    Info (332115): 
Info (332113): Report Minimum Pulse Width: Found 1 results (0 violated).  Worst case slack is 499.000
    Info (332113): Targets: [get_clocks {clk}]
    Info (332113): -nworst: 1
    Info (332113): -detail: full_path
Info (332113): Path #1: slack is 499.000 
    Info (332113): ===================================================================
    Info (332113): Node             : mad_dup_0
    Info (332113): Clock            : clk
    Info (332113): Type             : High Pulse Width
    Info (332113): 
    Info (332113): Late Clock Arrival Path:
    Info (332113): 
    Info (332113): Total (ns)  Incr (ns)     Type  Element
    Info (332113): ==========  ========= ==  ====  ===================================
    Info (332113):      0.000      0.000           launch edge time
    Info (332113):      0.000      0.000           source latency
    Info (332113):      0.000      0.000           clk
    Info (332113):      0.581      0.581 RR  CELL  clk_ibuf|combout
    Info (332113):      0.652      0.071 RR    IC  clk~clkctrl|inclk[0]
    Info (332113):      0.652      0.000 RR  CELL  clk~clkctrl|outclk
    Info (332113):      1.324      0.672 RR    IC  reg_etat_courrant_0_|clk
    Info (332113):      1.646      0.322 RR  CELL  mad_dup_0
    Info (332113): 
    Info (332113): Early Clock Arrival Path:
    Info (332113): 
    Info (332113): Total (ns)  Incr (ns)     Type  Element
    Info (332113): ==========  ========= ==  ====  ===================================
    Info (332113):    500.000    500.000           launch edge time
    Info (332113):    500.000      0.000           source latency
    Info (332113):    500.000      0.000           clk
    Info (332113):    500.581      0.581 FF  CELL  clk_ibuf|combout
    Info (332113):    500.652      0.071 FF    IC  clk~clkctrl|inclk[0]
    Info (332113):    500.652      0.000 FF  CELL  clk~clkctrl|outclk
    Info (332113):    501.324      0.672 FF    IC  reg_etat_courrant_0_|clk
    Info (332113):    501.646      0.322 FF  CELL  mad_dup_0
    Info (332113): 
    Info (332113): Required Width   :     1.000
    Info (332113): Actual Width     :   500.000
    Info (332113): Slack            :   499.000
    Info (332113): ===================================================================
    Info (332113): 
Info (332102): Design is not fully constrained for setup requirements
Info (332102): Design is not fully constrained for hold requirements
Info: Quartus II 64-Bit TimeQuest Timing Analyzer was successful. 0 errors, 1 warning
    Info: Peak virtual memory: 4582 megabytes
    Info: Processing ended: Wed Mar 04 16:16:17 2020
    Info: Elapsed time: 00:00:04
    Info: Total CPU time (on all processors): 00:00:01


